Traceback (most recent call last):
  File "/usr/lib/python3.6/runpy.py", line 193, in _run_module_as_main
    "__main__", mod_spec)
  File "/usr/lib/python3.6/runpy.py", line 85, in _run_code
    exec(code, run_globals)
  File "/home/frappe/frappe-bench/apps/frappe/frappe/utils/bench_helper.py", line 99, in <module>
    main()
  File "/home/frappe/frappe-bench/apps/frappe/frappe/utils/bench_helper.py", line 18, in main
    click.Group(commands=commands)(prog_name='bench')
  File "/home/frappe/frappe-bench/env/lib/python3.6/site-packages/click/core.py", line 764, in __call__
    return self.main(*args, **kwargs)
  File "/home/frappe/frappe-bench/env/lib/python3.6/site-packages/click/core.py", line 717, in main
    rv = self.invoke(ctx)
  File "/home/frappe/frappe-bench/env/lib/python3.6/site-packages/click/core.py", line 1137, in invoke
    return _process_result(sub_ctx.command.invoke(sub_ctx))
  File "/home/frappe/frappe-bench/env/lib/python3.6/site-packages/click/core.py", line 1137, in invoke
    return _process_result(sub_ctx.command.invoke(sub_ctx))
  File "/home/frappe/frappe-bench/env/lib/python3.6/site-packages/click/core.py", line 956, in invoke
    return ctx.invoke(self.callback, **ctx.params)
  File "/home/frappe/frappe-bench/env/lib/python3.6/site-packages/click/core.py", line 555, in invoke
    return callback(*args, **kwargs)
  File "/home/frappe/frappe-bench/apps/frappe/frappe/commands/scheduler.py", line 160, in start_scheduler
    start_scheduler()
  File "/home/frappe/frappe-bench/apps/frappe/frappe/utils/scheduler.py", line 52, in start_scheduler
    schedule.run_pending()
  File "/home/frappe/frappe-bench/env/lib/python3.6/site-packages/schedule/__init__.py", line 563, in run_pending
    default_scheduler.run_pending()
  File "/home/frappe/frappe-bench/env/lib/python3.6/site-packages/schedule/__init__.py", line 94, in run_pending
    self._run_job(job)
  File "/home/frappe/frappe-bench/env/lib/python3.6/site-packages/schedule/__init__.py", line 147, in _run_job
    ret = job.run()
  File "/home/frappe/frappe-bench/env/lib/python3.6/site-packages/schedule/__init__.py", line 466, in run
    ret = self.job_func()
  File "/home/frappe/frappe-bench/apps/frappe/frappe/utils/scheduler.py", line 62, in enqueue_events_for_all_sites
    with frappe.init_site():
  File "/home/frappe/frappe-bench/apps/frappe/frappe/__init__.py", line 243, in __enter__
    init(self.site)
  File "/home/frappe/frappe-bench/apps/frappe/frappe/__init__.py", line 174, in init
    setup_module_map()
  File "/home/frappe/frappe-bench/apps/frappe/frappe/__init__.py", line 998, in setup_module_map
    for module in get_module_list(app):
  File "/home/frappe/frappe-bench/apps/frappe/frappe/__init__.py", line 868, in get_module_list
    return get_file_items(os.path.join(os.path.dirname(get_module(app_name).__file__), "modules.txt"))
  File "/home/frappe/frappe-bench/apps/frappe/frappe/__init__.py", line 826, in get_module
    return importlib.import_module(modulename)
  File "/home/frappe/frappe-bench/env/lib/python3.6/importlib/__init__.py", line 126, in import_module
    return _bootstrap._gcd_import(name[level:], package, level)
  File "<frozen importlib._bootstrap>", line 994, in _gcd_import
  File "<frozen importlib._bootstrap>", line 971, in _find_and_load
  File "<frozen importlib._bootstrap>", line 953, in _find_and_load_unlocked
ModuleNotFoundError: No module named 'meeting'
Usage: bench [OPTIONS] COMMAND [ARGS]...
Try "bench --help" for help.

Error: No such command "schedule".
Usage: bench [OPTIONS] COMMAND [ARGS]...
Try "bench --help" for help.

Error: No such command "schedule".
Usage: bench [OPTIONS] COMMAND [ARGS]...
Try "bench --help" for help.

Error: No such command "schedule".
Usage: bench [OPTIONS] COMMAND [ARGS]...
Try "bench --help" for help.

Error: No such command "schedule".
Usage: bench [OPTIONS] COMMAND [ARGS]...
Try "bench --help" for help.

Error: No such command "schedule".
Usage: bench [OPTIONS] COMMAND [ARGS]...
Try "bench --help" for help.

Error: No such command "schedule".
Usage: bench [OPTIONS] COMMAND [ARGS]...
Try "bench --help" for help.

Error: No such command "schedule".
Usage: bench [OPTIONS] COMMAND [ARGS]...
Try "bench --help" for help.

Error: No such command "schedule".
